#
# There is insufficient memory for the Java Runtime Environment to continue.
# Native memory allocation (mmap) failed to map 52428800 bytes for G1 virtual space
# Possible reasons:
#   The system is out of physical RAM or swap space
#   The process is running with CompressedOops enabled, and the Java Heap may be blocking the growth of the native heap
# Possible solutions:
#   Reduce memory load on the system
#   Increase physical memory or swap space
#   Check if swap backing store is full
#   Decrease Java heap size (-Xmx/-Xms)
#   Decrease number of Java threads
#   Decrease Java thread stack sizes (-Xss)
#   Set larger code cache with -XX:ReservedCodeCacheSize=
#   JVM is running with Unscaled Compressed Oops mode in which the Java heap is
#     placed in the first 4GB address space. The Java Heap base address is the
#     maximum limit for the native heap growth. Please use -XX:HeapBaseMinAddress
#     to set the Java Heap base and to place the Java Heap above 4GB virtual address.
# This output file may be truncated or incomplete.
#
#  Out of Memory Error (os_windows.cpp:3469), pid=3916, tid=8920
#
# JRE version: Java(TM) SE Runtime Environment (17.0.1+12) (build 17.0.1+12-LTS-39)
# Java VM: Java HotSpot(TM) 64-Bit Server VM (17.0.1+12-LTS-39, mixed mode, sharing, tiered, compressed oops, compressed class ptrs, g1 gc, windows-amd64)
# No core dump will be written. Minidumps are not enabled by default on client versions of Windows
#

---------------  S U M M A R Y ------------

Command Line: -javaagent:C:\Program Files\JetBrains\IntelliJ IDEA Community Edition 2021.3\lib\idea_rt.jar=58350:C:\Program Files\JetBrains\IntelliJ IDEA Community Edition 2021.3\bin -Dfile.encoding=UTF-8 com.careerdevs.gorestfinal.GorestfinalApplication

Host: Intel(R) Celeron(R) N4020 CPU @ 1.10GHz, 2 cores, 3G,  Windows 10 , 64 bit Build 19041 (10.0.19041.1503)
Time: Thu Apr 28 20:41:49 2022 Eastern Daylight Time elapsed time: 32.206769 seconds (0d 0h 0m 32s)

---------------  T H R E A D  ---------------

Current thread (0x0000022aff8344f0):  VMThread "VM Thread" [stack: 0x0000005d04e00000,0x0000005d04f00000] [id=8920]

Stack: [0x0000005d04e00000,0x0000005d04f00000]
Native frames: (J=compiled Java code, j=interpreted, Vv=VM code, C=native code)
V  [jvm.dll+0x66fa1a]
V  [jvm.dll+0x7ce5a4]
V  [jvm.dll+0x7cfd4e]
V  [jvm.dll+0x7d03b3]
V  [jvm.dll+0x242b05]
V  [jvm.dll+0x66ca39]
V  [jvm.dll+0x661502]
V  [jvm.dll+0x30081b]
V  [jvm.dll+0x307da6]
V  [jvm.dll+0x357a1e]
V  [jvm.dll+0x357c4f]
V  [jvm.dll+0x2d7ad8]
V  [jvm.dll+0x2d5da4]
V  [jvm.dll+0x2d53ac]
V  [jvm.dll+0x318d0b]
V  [jvm.dll+0x7d484b]
V  [jvm.dll+0x7d5584]
V  [jvm.dll+0x7d5a9c]
V  [jvm.dll+0x7d5e74]
V  [jvm.dll+0x7d5f40]
V  [jvm.dll+0x77e91a]
V  [jvm.dll+0x66e845]
C  [ucrtbase.dll+0x21bb2]
C  [KERNEL32.DLL+0x17034]
C  [ntdll.dll+0x52651]

VM_Operation (0x0000005d048fa8e0): G1CollectForAllocation, mode: safepoint, requested by thread 0x0000022af93d5fc0


---------------  P R O C E S S  ---------------

Threads class SMR info:
_java_thread_list=0x0000022a992d1240, length=17, elements={
0x0000022af93d5fc0, 0x0000022aff839f60, 0x0000022aff83ace0, 0x0000022aff84e680,
0x0000022aff84ff50, 0x0000022aff850810, 0x0000022aff855cb0, 0x0000022aff858100,
0x0000022aff859250, 0x0000022aff8b3250, 0x0000022aff82bf40, 0x0000022a972f71b0,
0x0000022a972f7680, 0x0000022a98db1d80, 0x0000022a98db0020, 0x0000022a98db04f0,
0x0000022a9782ad30
}

Java Threads: ( => current thread )
  0x0000022af93d5fc0 JavaThread "main" [_thread_blocked, id=12504, stack(0x0000005d04800000,0x0000005d04900000)]
  0x0000022aff839f60 JavaThread "Reference Handler" daemon [_thread_blocked, id=6368, stack(0x0000005d04f00000,0x0000005d05000000)]
  0x0000022aff83ace0 JavaThread "Finalizer" daemon [_thread_blocked, id=11932, stack(0x0000005d05000000,0x0000005d05100000)]
  0x0000022aff84e680 JavaThread "Signal Dispatcher" daemon [_thread_blocked, id=2188, stack(0x0000005d05100000,0x0000005d05200000)]
  0x0000022aff84ff50 JavaThread "Attach Listener" daemon [_thread_blocked, id=15836, stack(0x0000005d05200000,0x0000005d05300000)]
  0x0000022aff850810 JavaThread "Service Thread" daemon [_thread_blocked, id=13644, stack(0x0000005d05300000,0x0000005d05400000)]
  0x0000022aff855cb0 JavaThread "Monitor Deflation Thread" daemon [_thread_blocked, id=3244, stack(0x0000005d05400000,0x0000005d05500000)]
  0x0000022aff858100 JavaThread "C2 CompilerThread0" daemon [_thread_blocked, id=3852, stack(0x0000005d05500000,0x0000005d05600000)]
  0x0000022aff859250 JavaThread "C1 CompilerThread0" daemon [_thread_blocked, id=7348, stack(0x0000005d05600000,0x0000005d05700000)]
  0x0000022aff8b3250 JavaThread "Sweeper thread" daemon [_thread_blocked, id=14280, stack(0x0000005d05700000,0x0000005d05800000)]
  0x0000022aff82bf40 JavaThread "Common-Cleaner" daemon [_thread_blocked, id=10184, stack(0x0000005d05800000,0x0000005d05900000)]
  0x0000022a972f71b0 JavaThread "Monitor Ctrl-Break" daemon [_thread_in_native, id=11788, stack(0x0000005d05900000,0x0000005d05a00000)]
  0x0000022a972f7680 JavaThread "Notification Thread" daemon [_thread_blocked, id=456, stack(0x0000005d05a00000,0x0000005d05b00000)]
  0x0000022a98db1d80 JavaThread "Catalina-utility-1" [_thread_blocked, id=13812, stack(0x0000005d05d00000,0x0000005d05e00000)]
  0x0000022a98db0020 JavaThread "Catalina-utility-2" [_thread_blocked, id=8208, stack(0x0000005d05e00000,0x0000005d05f00000)]
  0x0000022a98db04f0 JavaThread "container-0" [_thread_blocked, id=2340, stack(0x0000005d05f00000,0x0000005d06000000)]
  0x0000022a9782ad30 JavaThread "mysql-cj-abandoned-connection-cleanup" daemon [_thread_blocked, id=11572, stack(0x0000005d06000000,0x0000005d06100000)]

Other Threads:
=>0x0000022aff8344f0 VMThread "VM Thread" [stack: 0x0000005d04e00000,0x0000005d04f00000] [id=8920]
  0x0000022a9712dbe0 WatcherThread [stack: 0x0000005d05b00000,0x0000005d05c00000] [id=236]
  0x0000022af9404c50 GCTaskThread "GC Thread#0" [stack: 0x0000005d04900000,0x0000005d04a00000] [id=6024]
  0x0000022a97465210 GCTaskThread "GC Thread#1" [stack: 0x0000005d05c00000,0x0000005d05d00000] [id=15316]
  0x0000022af940d520 ConcurrentGCThread "G1 Main Marker" [stack: 0x0000005d04a00000,0x0000005d04b00000] [id=11676]
  0x0000022af940de40 ConcurrentGCThread "G1 Conc#0" [stack: 0x0000005d04b00000,0x0000005d04c00000] [id=2584]
  0x0000022af9443db0 ConcurrentGCThread "G1 Refine#0" [stack: 0x0000005d04c00000,0x0000005d04d00000] [id=6916]
  0x0000022af94446e0 ConcurrentGCThread "G1 Service" [stack: 0x0000005d04d00000,0x0000005d04e00000] [id=11808]

Threads with active compile tasks:

VM state: at safepoint (normal execution)

VM Mutex/Monitor currently owned by a thread:  ([mutex/lock_event])
[0x0000022af93d1ea0] Threads_lock - owner thread: 0x0000022aff8344f0
[0x0000022af93d3370] Heap_lock - owner thread: 0x0000022af93d5fc0

Heap address: 0x00000000c2c00000, size: 980 MB, Compressed Oops mode: 32-bit

CDS archive(s) mapped at: [0x0000000800000000-0x0000000800bc0000-0x0000000800bc0000), size 12320768, SharedBaseAddress: 0x0000000800000000, ArchiveRelocationMode: 0.
Compressed class space mapped at: 0x0000000800c00000-0x0000000840c00000, reserved size: 1073741824
Narrow klass base: 0x0000000800000000, Narrow klass shift: 0, Narrow klass range: 0x100000000

GC Precious Log:
 CPUs: 2 total, 2 available
 Memory: 3912M
 Large Page Support: Disabled
 NUMA Support: Disabled
 Compressed Oops: Enabled (32-bit)
 Heap Region Size: 1M
 Heap Min Capacity: 8M
 Heap Initial Capacity: 62M
 Heap Max Capacity: 980M
 Pre-touch: Disabled
 Parallel Workers: 2
 Concurrent Workers: 1
 Concurrent Refinement Workers: 2
 Periodic GC: Disabled

Heap:
 garbage-first heap   total 63488K, used 16671K [0x00000000c2c00000, 0x0000000100000000)
  region size 1024K, 3 young (3072K), 3 survivors (3072K)
 Metaspace       used 33297K, committed 33600K, reserved 1081344K
  class space    used 4384K, committed 4544K, reserved 1048576K

Heap Regions: E=young(eden), S=young(survivor), O=old, HS=humongous(starts), HC=humongous(continues), CS=collection set, F=free, OA=open archive, CA=closed archive, TAMS=top-at-mark-start (previous, next)
|   0|0x00000000c2c00000, 0x00000000c2d00000, 0x00000000c2d00000|100%|HS|  |TAMS 0x00000000c2d00000, 0x00000000c2c00000| Complete 
|   1|0x00000000c2d00000, 0x00000000c2e00000, 0x00000000c2e00000|100%| O|  |TAMS 0x00000000c2e00000, 0x00000000c2d00000| Untracked 
|   2|0x00000000c2e00000, 0x00000000c2f00000, 0x00000000c2f00000|100%| O|  |TAMS 0x00000000c2f00000, 0x00000000c2e00000| Untracked 
|   3|0x00000000c2f00000, 0x00000000c3000000, 0x00000000c3000000|100%| O|  |TAMS 0x00000000c3000000, 0x00000000c2f00000| Untracked 
|   4|0x00000000c3000000, 0x00000000c3100000, 0x00000000c3100000|100%| O|  |TAMS 0x00000000c3100000, 0x00000000c3000000| Untracked 
|   5|0x00000000c3100000, 0x00000000c3200000, 0x00000000c3200000|100%| O|  |TAMS 0x00000000c3200000, 0x00000000c3100000| Untracked 
|   6|0x00000000c3200000, 0x00000000c3300000, 0x00000000c3300000|100%| O|  |TAMS 0x00000000c3300000, 0x00000000c3200000| Untracked 
|   7|0x00000000c3300000, 0x00000000c3400000, 0x00000000c3400000|100%| O|  |TAMS 0x00000000c3347a00, 0x00000000c3300000| Untracked 
|   8|0x00000000c3400000, 0x00000000c3400000, 0x00000000c3500000|  0%| F|  |TAMS 0x00000000c3400000, 0x00000000c3400000| Untracked 
|   9|0x00000000c3500000, 0x00000000c3600000, 0x00000000c3600000|100%| O|  |TAMS 0x00000000c3500000, 0x00000000c3500000| Untracked 
|  10|0x00000000c3600000, 0x00000000c3700000, 0x00000000c3700000|100%| O|  |TAMS 0x00000000c3600000, 0x00000000c3600000| Untracked 
|  11|0x00000000c3700000, 0x00000000c3800000, 0x00000000c3800000|100%| O|  |TAMS 0x00000000c3700000, 0x00000000c3700000| Untracked 
|  12|0x00000000c3800000, 0x00000000c3900000, 0x00000000c3900000|100%| O|  |TAMS 0x00000000c3800000, 0x00000000c3800000| Untracked 
|  13|0x00000000c3900000, 0x00000000c3a00000, 0x00000000c3a00000|100%| O|  |TAMS 0x00000000c3900000, 0x00000000c3900000| Untracked 
|  14|0x00000000c3a00000, 0x00000000c3ad0400, 0x00000000c3b00000| 81%| O|  |TAMS 0x00000000c3a00000, 0x00000000c3a00000| Untracked 
|  15|0x00000000c3b00000, 0x00000000c3b00000, 0x00000000c3c00000|  0%| F|  |TAMS 0x00000000c3b00000, 0x00000000c3b00000| Untracked 
|  16|0x00000000c3c00000, 0x00000000c3c00000, 0x00000000c3d00000|  0%| F|  |TAMS 0x00000000c3c00000, 0x00000000c3c00000| Untracked 
|  17|0x00000000c3d00000, 0x00000000c3d00000, 0x00000000c3e00000|  0%| F|  |TAMS 0x00000000c3d00000, 0x00000000c3d00000| Untracked 
|  18|0x00000000c3e00000, 0x00000000c3e00000, 0x00000000c3f00000|  0%| F|  |TAMS 0x00000000c3e00000, 0x00000000c3e00000| Untracked 
|  19|0x00000000c3f00000, 0x00000000c3f00000, 0x00000000c4000000|  0%| F|  |TAMS 0x00000000c3f00000, 0x00000000c3f00000| Untracked 
|  20|0x00000000c4000000, 0x00000000c4000000, 0x00000000c4100000|  0%| F|  |TAMS 0x00000000c4000000, 0x00000000c4000000| Untracked 
|  21|0x00000000c4100000, 0x00000000c41779e8, 0x00000000c4200000| 46%| S|CS|TAMS 0x00000000c4100000, 0x00000000c4100000| Complete 
|  22|0x00000000c4200000, 0x00000000c4300000, 0x00000000c4300000|100%| S|CS|TAMS 0x00000000c4200000, 0x00000000c4200000| Complete 
|  23|0x00000000c4300000, 0x00000000c4300000, 0x00000000c4400000|  0%| F|  |TAMS 0x00000000c4300000, 0x00000000c4300000| Untracked 
|  24|0x00000000c4400000, 0x00000000c4400000, 0x00000000c4500000|  0%| F|  |TAMS 0x00000000c4400000, 0x00000000c4400000| Untracked 
|  25|0x00000000c4500000, 0x00000000c4600000, 0x00000000c4600000|100%| S|CS|TAMS 0x00000000c4500000, 0x00000000c4500000| Complete 
|  26|0x00000000c4600000, 0x00000000c4600000, 0x00000000c4700000|  0%| F|  |TAMS 0x00000000c4600000, 0x00000000c4600000| Untracked 
|  27|0x00000000c4700000, 0x00000000c4700000, 0x00000000c4800000|  0%| F|  |TAMS 0x00000000c4700000, 0x00000000c4700000| Untracked 
|  28|0x00000000c4800000, 0x00000000c4800000, 0x00000000c4900000|  0%| F|  |TAMS 0x00000000c4800000, 0x00000000c4800000| Untracked 
|  29|0x00000000c4900000, 0x00000000c4900000, 0x00000000c4a00000|  0%| F|  |TAMS 0x00000000c4900000, 0x00000000c4900000| Untracked 
|  30|0x00000000c4a00000, 0x00000000c4a00000, 0x00000000c4b00000|  0%| F|  |TAMS 0x00000000c4a00000, 0x00000000c4a00000| Untracked 
|  31|0x00000000c4b00000, 0x00000000c4b00000, 0x00000000c4c00000|  0%| F|  |TAMS 0x00000000c4b00000, 0x00000000c4b00000| Untracked 
|  32|0x00000000c4c00000, 0x00000000c4c00000, 0x00000000c4d00000|  0%| F|  |TAMS 0x00000000c4c00000, 0x00000000c4c00000| Untracked 
|  33|0x00000000c4d00000, 0x00000000c4d00000, 0x00000000c4e00000|  0%| F|  |TAMS 0x00000000c4d00000, 0x00000000c4d00000| Untracked 
|  34|0x00000000c4e00000, 0x00000000c4e00000, 0x00000000c4f00000|  0%| F|  |TAMS 0x00000000c4e00000, 0x00000000c4e00000| Untracked 
|  35|0x00000000c4f00000, 0x00000000c4f00000, 0x00000000c5000000|  0%| F|  |TAMS 0x00000000c4f00000, 0x00000000c4f00000| Untracked 
|  36|0x00000000c5000000, 0x00000000c5000000, 0x00000000c5100000|  0%| F|  |TAMS 0x00000000c5000000, 0x00000000c5000000| Untracked 
|  37|0x00000000c5100000, 0x00000000c5100000, 0x00000000c5200000|  0%| F|  |TAMS 0x00000000c5100000, 0x00000000c5100000| Untracked 
|  38|0x00000000c5200000, 0x00000000c5200000, 0x00000000c5300000|  0%| F|  |TAMS 0x00000000c5200000, 0x00000000c5200000| Untracked 
|  39|0x00000000c5300000, 0x00000000c5300000, 0x00000000c5400000|  0%| F|  |TAMS 0x00000000c5300000, 0x00000000c5300000| Untracked 
|  40|0x00000000c5400000, 0x00000000c5400000, 0x00000000c5500000|  0%| F|  |TAMS 0x00000000c5400000, 0x00000000c5400000| Untracked 
|  41|0x00000000c5500000, 0x00000000c5500000, 0x00000000c5600000|  0%| F|  |TAMS 0x00000000c5500000, 0x00000000c5500000| Untracked 
|  42|0x00000000c5600000, 0x00000000c5600000, 0x00000000c5700000|  0%| F|  |TAMS 0x00000000c5600000, 0x00000000c5600000| Untracked 
|  43|0x00000000c5700000, 0x00000000c5700000, 0x00000000c5800000|  0%| F|  |TAMS 0x00000000c5700000, 0x00000000c5700000| Untracked 
|  44|0x00000000c5800000, 0x00000000c5800000, 0x00000000c5900000|  0%| F|  |TAMS 0x00000000c5800000, 0x00000000c5800000| Untracked 
|  45|0x00000000c5900000, 0x00000000c5900000, 0x00000000c5a00000|  0%| F|  |TAMS 0x00000000c5900000, 0x00000000c5900000| Untracked 
|  46|0x00000000c5a00000, 0x00000000c5a00000, 0x00000000c5b00000|  0%| F|  |TAMS 0x00000000c5a00000, 0x00000000c5a00000| Untracked 
|  47|0x00000000c5b00000, 0x00000000c5b00000, 0x00000000c5c00000|  0%| F|  |TAMS 0x00000000c5b00000, 0x00000000c5b00000| Untracked 
|  48|0x00000000c5c00000, 0x00000000c5c00000, 0x00000000c5d00000|  0%| F|  |TAMS 0x00000000c5c00000, 0x00000000c5c00000| Untracked 
|  49|0x00000000c5d00000, 0x00000000c5d00000, 0x00000000c5e00000|  0%| F|  |TAMS 0x00000000c5d00000, 0x00000000c5d00000| Untracked 
|  50|0x00000000c5e00000, 0x00000000c5e00000, 0x00000000c5f00000|  0%| F|  |TAMS 0x00000000c5e00000, 0x00000000c5e00000| Untracked 
|  51|0x00000000c5f00000, 0x00000000c5f00000, 0x00000000c6000000|  0%| F|  |TAMS 0x00000000c5f00000, 0x00000000c5f00000| Untracked 
|  52|0x00000000c6000000, 0x00000000c6000000, 0x00000000c6100000|  0%| F|  |TAMS 0x00000000c6000000, 0x00000000c6000000| Untracked 
|  53|0x00000000c6100000, 0x00000000c6100000, 0x00000000c6200000|  0%| F|  |TAMS 0x00000000c6100000, 0x00000000c6100000| Untracked 
|  54|0x00000000c6200000, 0x00000000c6200000, 0x00000000c6300000|  0%| F|  |TAMS 0x00000000c6200000, 0x00000000c6200000| Untracked 
|  55|0x00000000c6300000, 0x00000000c6300000, 0x00000000c6400000|  0%| F|  |TAMS 0x00000000c6300000, 0x00000000c6300000| Untracked 
|  56|0x00000000c6400000, 0x00000000c6400000, 0x00000000c6500000|  0%| F|  |TAMS 0x00000000c6400000, 0x00000000c6400000| Untracked 
|  57|0x00000000c6500000, 0x00000000c6500000, 0x00000000c6600000|  0%| F|  |TAMS 0x00000000c6500000, 0x00000000c6500000| Untracked 
|  58|0x00000000c6600000, 0x00000000c6600000, 0x00000000c6700000|  0%| F|  |TAMS 0x00000000c6600000, 0x00000000c6600000| Untracked 
|  59|0x00000000c6700000, 0x00000000c6700000, 0x00000000c6800000|  0%| F|  |TAMS 0x00000000c6700000, 0x00000000c6700000| Untracked 
|  60|0x00000000c6800000, 0x00000000c6800000, 0x00000000c6900000|  0%| F|  |TAMS 0x00000000c6800000, 0x00000000c6800000| Untracked 
|  61|0x00000000c6900000, 0x00000000c6900000, 0x00000000c6a00000|  0%| F|  |TAMS 0x00000000c6900000, 0x00000000c6900000| Untracked 

Card table byte_map: [0x0000022afb280000,0x0000022afb470000] _byte_map_base: 0x0000022afac6a000

Marking Bits (Prev, Next): (CMBitMap*) 0x0000022af94051b0, (CMBitMap*) 0x0000022af9405170
 Prev Bits: [0x0000022afc5b0000, 0x0000022afd500000)
 Next Bits: [0x0000022afb660000, 0x0000022afc5b0000)

Polling page: 0x0000022af94b0000

Metaspace:

Usage:
  Non-class:     28.24 MB used.
      Class:      4.28 MB used.
       Both:     32.52 MB used.

Virtual space:
  Non-class space:       32.00 MB reserved,      28.38 MB ( 89%) committed,  4 nodes.
      Class space:        1.00 GB reserved,       4.44 MB ( <1%) committed,  1 nodes.
             Both:        1.03 GB reserved,      32.81 MB (  3%) committed. 

Chunk freelists:
   Non-Class:  3.44 MB
       Class:  3.47 MB
        Both:  6.91 MB

MaxMetaspaceSize: unlimited
CompressedClassSpaceSize: 1.00 GB
Initial GC threshold: 21.00 MB
Current GC threshold: 35.12 MB
CDS: on
MetaspaceReclaimPolicy: balanced
 - commit_granule_bytes: 65536.
 - commit_granule_words: 8192.
 - virtual_space_node_default_size: 1048576.
 - enlarge_chunks_in_place: 1.
 - new_chunks_are_fully_committed: 0.
 - uncommit_free_chunks: 1.
 - use_allocation_guard: 0.
 - handle_deallocations: 1.


Internal statistics:

num_allocs_failed_limit: 3.
num_arena_births: 298.
num_arena_deaths: 0.
num_vsnodes_births: 5.
num_vsnodes_deaths: 0.
num_space_committed: 525.
num_space_uncommitted: 0.
num_chunks_returned_to_freelist: 3.
num_chunks_taken_from_freelist: 1469.
num_chunk_merges: 3.
num_chunk_splits: 1019.
num_chunks_enlarged: 807.
num_purges: 0.
num_inconsistent_stats: 0.

CodeHeap 'non-profiled nmethods': size=120064Kb used=2071Kb max_used=2071Kb free=117992Kb
 bounds [0x0000022a8f1f0000, 0x0000022a8f460000, 0x0000022a96730000]
CodeHeap 'profiled nmethods': size=120000Kb used=8098Kb max_used=8098Kb free=111901Kb
 bounds [0x0000022a87cc0000, 0x0000022a884b0000, 0x0000022a8f1f0000]
CodeHeap 'non-nmethods': size=5696Kb used=1206Kb max_used=1225Kb free=4489Kb
 bounds [0x0000022a87730000, 0x0000022a879a0000, 0x0000022a87cc0000]
 total_blobs=4136 nmethods=3625 adapters=424
 compilation: enabled
              stopped_count=0, restarted_count=0
 full_count=0

Compilation events (20 events):
Event: 32.111 Thread 0x0000022aff859250 nmethod 3626 0x0000022a884a5410 code [0x0000022a884a5620, 0x0000022a884a5d48]
Event: 32.111 Thread 0x0000022aff859250 3627       1       java.util.ResourceBundle$CacheKey::getName (5 bytes)
Event: 32.111 Thread 0x0000022aff859250 nmethod 3627 0x0000022a8f3f2990 code [0x0000022a8f3f2b20, 0x0000022a8f3f2bf8]
Event: 32.112 Thread 0x0000022aff859250 3628       3       java.lang.ClassLoader::getResource (41 bytes)
Event: 32.112 Thread 0x0000022aff859250 nmethod 3628 0x0000022a884a6010 code [0x0000022a884a6200, 0x0000022a884a6818]
Event: 32.125 Thread 0x0000022aff859250 3629       3       jdk.internal.math.FDBigInteger::mult (64 bytes)
Event: 32.126 Thread 0x0000022aff859250 nmethod 3629 0x0000022a884a6a10 code [0x0000022a884a6bc0, 0x0000022a884a6e38]
Event: 32.126 Thread 0x0000022aff859250 3630       3       jdk.internal.math.FDBigInteger::<init> (30 bytes)
Event: 32.126 Thread 0x0000022aff859250 nmethod 3630 0x0000022a884a7010 code [0x0000022a884a71c0, 0x0000022a884a73c8]
Event: 32.126 Thread 0x0000022aff859250 3631       3       jdk.internal.math.FDBigInteger::makeImmutable (6 bytes)
Event: 32.126 Thread 0x0000022aff859250 nmethod 3631 0x0000022a884a7510 code [0x0000022a884a76a0, 0x0000022a884a77b8]
Event: 32.126 Thread 0x0000022aff859250 3632       3       jdk.internal.math.FDBigInteger::mult (44 bytes)
Event: 32.126 Thread 0x0000022aff859250 nmethod 3632 0x0000022a884a7890 code [0x0000022a884a7a60, 0x0000022a884a7e98]
Event: 32.128 Thread 0x0000022aff859250 3633       3       jdk.internal.math.FDBigInteger::trimLeadingZeros (57 bytes)
Event: 32.128 Thread 0x0000022aff859250 nmethod 3633 0x0000022a884a8010 code [0x0000022a884a81c0, 0x0000022a884a8498]
Event: 32.129 Thread 0x0000022aff859250 3634       3       jdk.internal.math.FDBigInteger::size (10 bytes)
Event: 32.129 Thread 0x0000022aff859250 nmethod 3634 0x0000022a884a8590 code [0x0000022a884a8720, 0x0000022a884a8838]
Event: 32.157 Thread 0x0000022aff858100 nmethod 3625% 0x0000022a8f3f2c90 code [0x0000022a8f3f2ee0, 0x0000022a8f3f44f0]
Event: 32.172 Thread 0x0000022aff858100 3635       4       java.lang.String::concat (15 bytes)
Event: 32.182 Thread 0x0000022aff858100 nmethod 3635 0x0000022a8f3f5190 code [0x0000022a8f3f5340, 0x0000022a8f3f58b8]

GC Heap History (20 events):
Event: 6.927 GC heap after
{Heap after GC invocations=3 (full 0):
 garbage-first heap   total 63488K, used 6324K [0x00000000c2c00000, 0x0000000100000000)
  region size 1024K, 2 young (2048K), 2 survivors (2048K)
 Metaspace       used 4756K, committed 4928K, reserved 1056768K
  class space    used 519K, committed 576K, reserved 1048576K
}
Event: 11.965 GC heap before
{Heap before GC invocations=3 (full 0):
 garbage-first heap   total 63488K, used 21684K [0x00000000c2c00000, 0x0000000100000000)
  region size 1024K, 17 young (17408K), 2 survivors (2048K)
 Metaspace       used 8728K, committed 8960K, reserved 1064960K
  class space    used 1086K, committed 1216K, reserved 1048576K
}
Event: 11.977 GC heap after
{Heap after GC invocations=4 (full 0):
 garbage-first heap   total 63488K, used 7578K [0x00000000c2c00000, 0x0000000100000000)
  region size 1024K, 3 young (3072K), 3 survivors (3072K)
 Metaspace       used 8728K, committed 8960K, reserved 1064960K
  class space    used 1086K, committed 1216K, reserved 1048576K
}
Event: 14.251 GC heap before
{Heap before GC invocations=4 (full 0):
 garbage-first heap   total 63488K, used 35226K [0x00000000c2c00000, 0x0000000100000000)
  region size 1024K, 31 young (31744K), 3 survivors (3072K)
 Metaspace       used 14762K, committed 15040K, reserved 1064960K
  class space    used 1810K, committed 1920K, reserved 1048576K
}
Event: 14.262 GC heap after
{Heap after GC invocations=5 (full 0):
 garbage-first heap   total 63488K, used 8963K [0x00000000c2c00000, 0x0000000100000000)
  region size 1024K, 3 young (3072K), 3 survivors (3072K)
 Metaspace       used 14762K, committed 15040K, reserved 1064960K
  class space    used 1810K, committed 1920K, reserved 1048576K
}
Event: 14.598 GC heap before
{Heap before GC invocations=5 (full 0):
 garbage-first heap   total 63488K, used 42755K [0x00000000c2c00000, 0x0000000100000000)
  region size 1024K, 37 young (37888K), 3 survivors (3072K)
 Metaspace       used 15266K, committed 15488K, reserved 1064960K
  class space    used 1853K, committed 1984K, reserved 1048576K
}
Event: 14.606 GC heap after
{Heap after GC invocations=6 (full 0):
 garbage-first heap   total 63488K, used 9294K [0x00000000c2c00000, 0x0000000100000000)
  region size 1024K, 3 young (3072K), 3 survivors (3072K)
 Metaspace       used 15266K, committed 15488K, reserved 1064960K
  class space    used 1853K, committed 1984K, reserved 1048576K
}
Event: 21.131 GC heap before
{Heap before GC invocations=6 (full 0):
 garbage-first heap   total 63488K, used 44110K [0x00000000c2c00000, 0x0000000100000000)
  region size 1024K, 37 young (37888K), 3 survivors (3072K)
 Metaspace       used 20190K, committed 20416K, reserved 1073152K
  class space    used 2494K, committed 2624K, reserved 1048576K
}
Event: 21.148 GC heap after
{Heap after GC invocations=7 (full 0):
 garbage-first heap   total 63488K, used 11550K [0x00000000c2c00000, 0x0000000100000000)
  region size 1024K, 4 young (4096K), 4 survivors (4096K)
 Metaspace       used 20190K, committed 20416K, reserved 1073152K
  class space    used 2494K, committed 2624K, reserved 1048576K
}
Event: 23.217 GC heap before
{Heap before GC invocations=7 (full 0):
 garbage-first heap   total 63488K, used 16670K [0x00000000c2c00000, 0x0000000100000000)
  region size 1024K, 10 young (10240K), 4 survivors (4096K)
 Metaspace       used 21294K, committed 21504K, reserved 1073152K
  class space    used 2666K, committed 2752K, reserved 1048576K
}
Event: 23.231 GC heap after
{Heap after GC invocations=8 (full 0):
 garbage-first heap   total 63488K, used 12147K [0x00000000c2c00000, 0x0000000100000000)
  region size 1024K, 4 young (4096K), 4 survivors (4096K)
 Metaspace       used 21294K, committed 21504K, reserved 1073152K
  class space    used 2666K, committed 2752K, reserved 1048576K
}
Event: 25.965 GC heap before
{Heap before GC invocations=9 (full 0):
 garbage-first heap   total 48128K, used 35699K [0x00000000c2c00000, 0x0000000100000000)
  region size 1024K, 28 young (28672K), 4 survivors (4096K)
 Metaspace       used 25132K, committed 25408K, reserved 1073152K
  class space    used 3144K, committed 3264K, reserved 1048576K
}
Event: 25.983 GC heap after
{Heap after GC invocations=10 (full 0):
 garbage-first heap   total 48128K, used 14372K [0x00000000c2c00000, 0x0000000100000000)
  region size 1024K, 3 young (3072K), 3 survivors (3072K)
 Metaspace       used 25132K, committed 25408K, reserved 1073152K
  class space    used 3144K, committed 3264K, reserved 1048576K
}
Event: 25.987 GC heap before
{Heap before GC invocations=10 (full 0):
 garbage-first heap   total 48128K, used 14372K [0x00000000c2c00000, 0x0000000100000000)
  region size 1024K, 4 young (4096K), 3 survivors (3072K)
 Metaspace       used 25132K, committed 25408K, reserved 1073152K
  class space    used 3144K, committed 3264K, reserved 1048576K
}
Event: 25.997 GC heap after
{Heap after GC invocations=11 (full 0):
 garbage-first heap   total 48128K, used 14183K [0x00000000c2c00000, 0x0000000100000000)
  region size 1024K, 1 young (1024K), 1 survivors (1024K)
 Metaspace       used 25132K, committed 25408K, reserved 1073152K
  class space    used 3144K, committed 3264K, reserved 1048576K
}
Event: 26.031 GC heap before
{Heap before GC invocations=11 (full 0):
 garbage-first heap   total 48128K, used 33639K [0x00000000c2c00000, 0x0000000100000000)
  region size 1024K, 21 young (21504K), 1 survivors (1024K)
 Metaspace       used 25132K, committed 25408K, reserved 1073152K
  class space    used 3144K, committed 3264K, reserved 1048576K
}
Event: 26.032 GC heap after
{Heap after GC invocations=12 (full 0):
 garbage-first heap   total 48128K, used 14209K [0x00000000c2c00000, 0x0000000100000000)
  region size 1024K, 1 young (1024K), 1 survivors (1024K)
 Metaspace       used 25132K, committed 25408K, reserved 1073152K
  class space    used 3144K, committed 3264K, reserved 1048576K
}
Event: 27.333 GC heap before
{Heap before GC invocations=12 (full 0):
 garbage-first heap   total 48128K, used 34689K [0x00000000c2c00000, 0x0000000100000000)
  region size 1024K, 22 young (22528K), 1 survivors (1024K)
 Metaspace       used 27075K, committed 27392K, reserved 1073152K
  class space    used 3409K, committed 3584K, reserved 1048576K
}
Event: 27.356 GC heap after
{Heap after GC invocations=13 (full 0):
 garbage-first heap   total 48128K, used 15283K [0x00000000c2c00000, 0x0000000100000000)
  region size 1024K, 2 young (2048K), 2 survivors (2048K)
 Metaspace       used 27075K, committed 27392K, reserved 1073152K
  class space    used 3409K, committed 3584K, reserved 1048576K
}
Event: 32.187 GC heap before
{Heap before GC invocations=13 (full 0):
 garbage-first heap   total 48128K, used 36787K [0x00000000c2c00000, 0x0000000100000000)
  region size 1024K, 23 young (23552K), 2 survivors (2048K)
 Metaspace       used 33297K, committed 33600K, reserved 1081344K
  class space    used 4384K, committed 4544K, reserved 1048576K
}

Deoptimization events (20 events):
Event: 32.049 Thread 0x0000022af93d5fc0 Uncommon trap: trap_request=0xffffff45 fr.pc=0x0000022a8f39c7ac relative=0x000000000000056c
Event: 32.049 Thread 0x0000022af93d5fc0 Uncommon trap: reason=unstable_if action=reinterpret pc=0x0000022a8f39c7ac method=java.lang.StringConcatHelper.stringOf(Ljava/lang/Object;)Ljava/lang/String; @ 1 c2
Event: 32.049 Thread 0x0000022af93d5fc0 DEOPT PACKING pc=0x0000022a8f39c7ac sp=0x0000005d048fd690
Event: 32.049 Thread 0x0000022af93d5fc0 DEOPT UNPACKING pc=0x0000022a8778239d sp=0x0000005d048fd5d0 mode 2
Event: 32.092 Thread 0x0000022af93d5fc0 Uncommon trap: trap_request=0xffffff45 fr.pc=0x0000022a8f39b040 relative=0x00000000000000c0
Event: 32.092 Thread 0x0000022af93d5fc0 Uncommon trap: reason=unstable_if action=reinterpret pc=0x0000022a8f39b040 method=java.net.URI.match(CJJ)Z @ 45 c2
Event: 32.092 Thread 0x0000022af93d5fc0 DEOPT PACKING pc=0x0000022a8f39b040 sp=0x0000005d048fcf30
Event: 32.092 Thread 0x0000022af93d5fc0 DEOPT UNPACKING pc=0x0000022a8778239d sp=0x0000005d048fceb8 mode 2
Event: 32.100 Thread 0x0000022af93d5fc0 Uncommon trap: trap_request=0xffffff45 fr.pc=0x0000022a8f380964 relative=0x0000000000001024
Event: 32.100 Thread 0x0000022af93d5fc0 Uncommon trap: reason=unstable_if action=reinterpret pc=0x0000022a8f380964 method=java.util.Properties$LineReader.readLine()I @ 435 c2
Event: 32.100 Thread 0x0000022af93d5fc0 DEOPT PACKING pc=0x0000022a8f380964 sp=0x0000005d048faa80
Event: 32.100 Thread 0x0000022af93d5fc0 DEOPT UNPACKING pc=0x0000022a8778239d sp=0x0000005d048faa18 mode 2
Event: 32.101 Thread 0x0000022af93d5fc0 Uncommon trap: trap_request=0xffffff45 fr.pc=0x0000022a8f2a4218 relative=0x00000000000009d8
Event: 32.101 Thread 0x0000022af93d5fc0 Uncommon trap: reason=unstable_if action=reinterpret pc=0x0000022a8f2a4218 method=java.util.Properties$LineReader.readLine()I @ 117 c2
Event: 32.101 Thread 0x0000022af93d5fc0 DEOPT PACKING pc=0x0000022a8f2a4218 sp=0x0000005d048faa70
Event: 32.101 Thread 0x0000022af93d5fc0 DEOPT UNPACKING pc=0x0000022a8778239d sp=0x0000005d048faa18 mode 2
Event: 32.105 Thread 0x0000022af93d5fc0 Uncommon trap: trap_request=0xffffff45 fr.pc=0x0000022a8f3850d4 relative=0x0000000000000754
Event: 32.105 Thread 0x0000022af93d5fc0 Uncommon trap: reason=unstable_if action=reinterpret pc=0x0000022a8f3850d4 method=java.util.Properties.load0(Ljava/util/Properties$LineReader;)V @ 160 c2
Event: 32.105 Thread 0x0000022af93d5fc0 DEOPT PACKING pc=0x0000022a8f3850d4 sp=0x0000005d048fab10
Event: 32.105 Thread 0x0000022af93d5fc0 DEOPT UNPACKING pc=0x0000022a8778239d sp=0x0000005d048faab8 mode 2

Classes unloaded (0 events):
No events

Classes redefined (0 events):
No events

Internal exceptions (20 events):
Event: 22.848 Thread 0x0000022af93d5fc0 Exception <a 'java/lang/ClassNotFoundException'{0x00000000c67b9470}: org/springframework/context/annotation/ImportAwareCustomizer> (0x00000000c67b9470) 
thrown [t:\workspace\open\src\hotspot\share\classfile\systemDictionary.cpp, line 256]
Event: 22.852 Thread 0x0000022af93d5fc0 Exception <a 'java/lang/ClassNotFoundException'{0x00000000c67bd920}: org/springframework/beans/factory/AwareCustomizer> (0x00000000c67bd920) 
thrown [t:\workspace\open\src\hotspot\share\classfile\systemDictionary.cpp, line 256]
Event: 23.117 Thread 0x0000022af93d5fc0 Exception <a 'java/lang/NoSuchMethodError'{0x00000000c65500b8}: 'java.lang.Object java.lang.invoke.DirectMethodHandle$Holder.invokeSpecialIFC(java.lang.Object, java.lang.Object, java.lang.Object)'> (0x00000000c65500b8) 
thrown [t:\workspace\open\src\hotspot\share\interpreter\linkResolver.cpp, line 766]
Event: 23.398 Thread 0x0000022af93d5fc0 Exception <a 'java/lang/NoSuchMethodError'{0x00000000c6976be0}: 'int java.lang.invoke.DirectMethodHandle$Holder.invokeSpecial(java.lang.Object, java.lang.Object, java.lang.Object, java.lang.Object, java.lang.Object)'> (0x00000000c6976be0) 
thrown [t:\workspace\open\src\hotspot\share\interpreter\linkResolver.cpp, line 766]
Event: 23.842 Thread 0x0000022af93d5fc0 Exception <a 'java/lang/NoSuchMethodError'{0x00000000c5428a20}: 'java.lang.Object java.lang.invoke.DirectMethodHandle$Holder.invokeStatic(java.lang.Object, java.lang.Object, int)'> (0x00000000c5428a20) 
thrown [t:\workspace\open\src\hotspot\share\interpreter\linkResolver.cpp, line 766]
Event: 23.857 Thread 0x0000022af93d5fc0 Exception <a 'java/lang/NoSuchMethodError'{0x00000000c54343c0}: 'void java.lang.invoke.DelegatingMethodHandle$Holder.delegate(java.lang.Object, java.lang.Object, int, java.lang.Object)'> (0x00000000c54343c0) 
thrown [t:\workspace\open\src\hotspot\share\interpreter\linkResolver.cpp, line 766]
Event: 24.121 Thread 0x0000022af93d5fc0 Exception <a 'java/lang/NoSuchMethodError'{0x00000000c5322590}: 'void java.lang.invoke.DirectMethodHandle$Holder.invokeInterface(java.lang.Object, java.lang.Object, int)'> (0x00000000c5322590) 
thrown [t:\workspace\open\src\hotspot\share\interpreter\linkResolver.cpp, line 766]
Event: 24.124 Thread 0x0000022af93d5fc0 Exception <a 'java/lang/NoSuchMethodError'{0x00000000c533c9b0}: 'int java.lang.invoke.DirectMethodHandle$Holder.invokeVirtual(java.lang.Object, java.lang.Object)'> (0x00000000c533c9b0) 
thrown [t:\workspace\open\src\hotspot\share\interpreter\linkResolver.cpp, line 766]
Event: 24.138 Thread 0x0000022af93d5fc0 Exception <a 'java/lang/IncompatibleClassChangeError'{0x00000000c5376088}: Found class java.lang.Object, but interface was expected> (0x00000000c5376088) 
thrown [t:\workspace\open\src\hotspot\share\interpreter\linkResolver.cpp, line 833]
Event: 24.139 Thread 0x0000022af93d5fc0 Exception <a 'java/lang/NoSuchMethodError'{0x00000000c537b210}: 'void java.lang.invoke.DirectMethodHandle$Holder.invokeStatic(java.lang.Object, int, java.lang.Object)'> (0x00000000c537b210) 
thrown [t:\workspace\open\src\hotspot\share\interpreter\linkResolver.cpp, line 766]
Event: 24.145 Thread 0x0000022af93d5fc0 Exception <a 'java/lang/NoSuchMethodError'{0x00000000c53aa418}: 'int java.lang.invoke.DirectMethodHandle$Holder.invokeSpecial(java.lang.Object, java.lang.Object, int)'> (0x00000000c53aa418) 
thrown [t:\workspace\open\src\hotspot\share\interpreter\linkResolver.cpp, line 766]
Event: 25.144 Thread 0x0000022af93d5fc0 Exception <a 'java/lang/NoSuchMethodError'{0x00000000c4f73480}: 'java.lang.Object java.lang.invoke.DirectMethodHandle$Holder.invokeStaticInit(java.lang.Object, int, int, int, int)'> (0x00000000c4f73480) 
thrown [t:\workspace\open\src\hotspot\share\interpreter\linkResolver.cpp, line 766]
Event: 25.310 Thread 0x0000022af93d5fc0 Exception <a 'java/lang/NoSuchMethodError'{0x00000000c4fa9140}: 'java.lang.Object java.lang.invoke.DirectMethodHandle$Holder.invokeStaticInit(java.lang.Object, java.lang.Object, int, int, int, int)'> (0x00000000c4fa9140) 
thrown [t:\workspace\open\src\hotspot\share\interpreter\linkResolver.cpp, line 766]
Event: 25.897 Thread 0x0000022af93d5fc0 Implicit null exception at 0x0000022a8f292ce0 to 0x0000022a8f2941c0
Event: 26.470 Thread 0x0000022af93d5fc0 Exception <a 'java/io/FileNotFoundException'{0x00000000c51e19f0}> (0x00000000c51e19f0) 
thrown [t:\workspace\open\src\hotspot\share\prims\jni.cpp, line 516]
Event: 26.542 Thread 0x0000022af93d5fc0 Exception <a 'java/lang/NoSuchMethodError'{0x00000000c4e0a378}: 'int java.lang.invoke.DirectMethodHandle$Holder.invokeInterface(java.lang.Object, java.lang.Object, java.lang.Object, java.lang.Object)'> (0x00000000c4e0a378) 
thrown [t:\workspace\open\src\hotspot\share\interpreter\linkResolver.cpp, line 766]
Event: 26.737 Thread 0x0000022af93d5fc0 Exception <a 'java/io/FileNotFoundException'{0x00000000c4df6c80}> (0x00000000c4df6c80) 
thrown [t:\workspace\open\src\hotspot\share\prims\jni.cpp, line 516]
Event: 26.943 Thread 0x0000022af93d5fc0 Implicit null exception at 0x0000022a8f3a87d1 to 0x0000022a8f3a9d40
Event: 27.945 Thread 0x0000022af93d5fc0 Implicit null exception at 0x0000022a8f323c53 to 0x0000022a8f323fd8
Event: 32.049 Thread 0x0000022af93d5fc0 Implicit null exception at 0x0000022a8f39c260 to 0x0000022a8f39c798

VM Operations (20 events):
Event: 26.378 Executing VM operation: HandshakeAllThreads done
Event: 26.611 Executing VM operation: HandshakeAllThreads
Event: 26.611 Executing VM operation: HandshakeAllThreads done
Event: 26.612 Executing VM operation: HandshakeAllThreads
Event: 26.612 Executing VM operation: HandshakeAllThreads done
Event: 26.747 Executing VM operation: HandshakeAllThreads
Event: 26.747 Executing VM operation: HandshakeAllThreads done
Event: 26.831 Executing VM operation: HandshakeAllThreads
Event: 26.859 Executing VM operation: HandshakeAllThreads done
Event: 26.917 Executing VM operation: HandshakeAllThreads
Event: 26.922 Executing VM operation: HandshakeAllThreads done
Event: 27.333 Executing VM operation: G1CollectForAllocation
Event: 27.356 Executing VM operation: G1CollectForAllocation done
Event: 28.372 Executing VM operation: Cleanup
Event: 28.392 Executing VM operation: Cleanup done
Event: 29.411 Executing VM operation: Cleanup
Event: 29.411 Executing VM operation: Cleanup done
Event: 30.457 Executing VM operation: Cleanup
Event: 31.437 Executing VM operation: Cleanup done
Event: 32.187 Executing VM operation: G1CollectForAllocation

Events (20 events):
Event: 32.077 loading class java/util/concurrent/SynchronousQueue$TransferQueue$QNode
Event: 32.077 loading class java/util/concurrent/SynchronousQueue$TransferQueue$QNode done
Event: 32.080 loading class java/util/concurrent/ThreadPoolExecutor$DiscardPolicy
Event: 32.080 loading class java/util/concurrent/ThreadPoolExecutor$DiscardPolicy done
Event: 32.082 loading class java/util/concurrent/atomic/AtomicIntegerFieldUpdater
Event: 32.082 loading class java/util/concurrent/atomic/AtomicIntegerFieldUpdater done
Event: 32.082 loading class java/util/concurrent/atomic/AtomicIntegerFieldUpdater$AtomicIntegerFieldUpdaterImpl
Event: 32.083 loading class java/util/concurrent/atomic/AtomicIntegerFieldUpdater$AtomicIntegerFieldUpdaterImpl done
Event: 32.083 loading class java/util/concurrent/atomic/AtomicIntegerFieldUpdater$AtomicIntegerFieldUpdaterImpl$1
Event: 32.083 loading class java/util/concurrent/atomic/AtomicIntegerFieldUpdater$AtomicIntegerFieldUpdaterImpl$1 done
Event: 32.095 loading class java/io/StringWriter
Event: 32.096 loading class java/io/StringWriter done
Event: 32.122 loading class jdk/internal/math/FDBigInteger
Event: 32.123 loading class jdk/internal/math/FDBigInteger done
Event: 32.127 loading class java/math/MathContext
Event: 32.127 loading class java/math/MathContext done
Event: 32.131 loading class java/util/Collections$UnmodifiableMap$UnmodifiableEntrySet$UnmodifiableEntrySetSpliterator
Event: 32.131 loading class java/util/Collections$UnmodifiableMap$UnmodifiableEntrySet$UnmodifiableEntrySetSpliterator done
Event: 32.131 loading class java/util/HashMap$EntrySpliterator
Event: 32.132 loading class java/util/HashMap$EntrySpliterator done


Dynamic libraries:
0x00007ff674560000 - 0x00007ff674570000 	C:\Program Files\Java\jdk-17.0.1\bin\java.exe
0x00007ff9539b0000 - 0x00007ff953ba5000 	C:\windows\SYSTEM32\ntdll.dll
0x00007ff953520000 - 0x00007ff9535de000 	C:\windows\System32\KERNEL32.DLL
0x00007ff9512d0000 - 0x00007ff951598000 	C:\windows\System32\KERNELBASE.dll
0x00007ff9515a0000 - 0x00007ff9516a0000 	C:\windows\System32\ucrtbase.dll
0x00007ff94b9f0000 - 0x00007ff94ba0a000 	C:\Program Files\Java\jdk-17.0.1\bin\VCRUNTIME140.dll
0x00007ff94ba60000 - 0x00007ff94ba78000 	C:\Program Files\Java\jdk-17.0.1\bin\jli.dll
0x00007ff953840000 - 0x00007ff9538ee000 	C:\windows\System32\ADVAPI32.dll
0x00007ff9535e0000 - 0x00007ff95367e000 	C:\windows\System32\msvcrt.dll
0x00007ff952330000 - 0x00007ff9523cc000 	C:\windows\System32\sechost.dll
0x00007ff951c10000 - 0x00007ff951d35000 	C:\windows\System32\RPCRT4.dll
0x00007ff9536a0000 - 0x00007ff953840000 	C:\windows\System32\USER32.dll
0x00007ff951940000 - 0x00007ff951962000 	C:\windows\System32\win32u.dll
0x00007ff952250000 - 0x00007ff95227b000 	C:\windows\System32\GDI32.dll
0x00007ff9516d0000 - 0x00007ff9517dd000 	C:\windows\System32\gdi32full.dll
0x00007ff9510c0000 - 0x00007ff95115d000 	C:\windows\System32\msvcp_win.dll
0x00007ff937c10000 - 0x00007ff937eaa000 	C:\windows\WinSxS\amd64_microsoft.windows.common-controls_6595b64144ccf1df_6.0.19041.1110_none_60b5254171f9507e\COMCTL32.dll
0x00007ff948170000 - 0x00007ff94817a000 	C:\windows\SYSTEM32\VERSION.dll
0x00007ff952290000 - 0x00007ff9522c0000 	C:\windows\System32\IMM32.DLL
0x00007ff94d8b0000 - 0x00007ff94d8bc000 	C:\Program Files\Java\jdk-17.0.1\bin\vcruntime140_1.dll
0x00007ff926160000 - 0x00007ff9261ed000 	C:\Program Files\Java\jdk-17.0.1\bin\msvcp140.dll
0x00007ff908f80000 - 0x00007ff909b3e000 	C:\Program Files\Java\jdk-17.0.1\bin\server\jvm.dll
0x00007ff951d40000 - 0x00007ff951d48000 	C:\windows\System32\PSAPI.DLL
0x00007ff92f5e0000 - 0x00007ff92f5e9000 	C:\windows\SYSTEM32\WSOCK32.dll
0x00007ff9522c0000 - 0x00007ff95232b000 	C:\windows\System32\WS2_32.dll
0x00007ff92fa10000 - 0x00007ff92fa37000 	C:\windows\SYSTEM32\WINMM.dll
0x00007ff94f940000 - 0x00007ff94f952000 	C:\windows\SYSTEM32\kernel.appcore.dll
0x00007ff94ba50000 - 0x00007ff94ba5a000 	C:\Program Files\Java\jdk-17.0.1\bin\jimage.dll
0x00007ff94f660000 - 0x00007ff94f844000 	C:\windows\SYSTEM32\DBGHELP.DLL
0x00007ff934140000 - 0x00007ff93416c000 	C:\windows\SYSTEM32\dbgcore.DLL
0x00007ff951970000 - 0x00007ff9519f2000 	C:\windows\System32\bcryptPrimitives.dll
0x00007ff94b980000 - 0x00007ff94b98e000 	C:\Program Files\Java\jdk-17.0.1\bin\instrument.dll
0x00007ff94b990000 - 0x00007ff94b9b5000 	C:\Program Files\Java\jdk-17.0.1\bin\java.dll
0x00007ff91b620000 - 0x00007ff91b6f6000 	C:\Program Files\Java\jdk-17.0.1\bin\svml.dll
0x00007ff9523d0000 - 0x00007ff952b14000 	C:\windows\System32\SHELL32.dll
0x00007ff94edf0000 - 0x00007ff94f584000 	C:\windows\SYSTEM32\windows.storage.dll
0x00007ff952c10000 - 0x00007ff952f65000 	C:\windows\System32\combase.dll
0x00007ff950a40000 - 0x00007ff950a6e000 	C:\windows\SYSTEM32\Wldp.dll
0x00007ff9521a0000 - 0x00007ff95224d000 	C:\windows\System32\SHCORE.dll
0x00007ff952020000 - 0x00007ff952075000 	C:\windows\System32\shlwapi.dll
0x00007ff951000000 - 0x00007ff95101f000 	C:\windows\SYSTEM32\profapi.dll
0x00007ff94a760000 - 0x00007ff94a778000 	C:\Program Files\Java\jdk-17.0.1\bin\zip.dll
0x00007ff94a7c0000 - 0x00007ff94a7d9000 	C:\Program Files\Java\jdk-17.0.1\bin\net.dll
0x00007ff941fd0000 - 0x00007ff9420dc000 	C:\windows\SYSTEM32\WINHTTP.dll
0x00007ff9507a0000 - 0x00007ff95080a000 	C:\windows\system32\mswsock.dll
0x00007ff94a7a0000 - 0x00007ff94a7b5000 	C:\Program Files\Java\jdk-17.0.1\bin\nio.dll
0x00007ff94a440000 - 0x00007ff94a45a000 	C:\Program Files\JetBrains\IntelliJ IDEA Community Edition 2021.3\bin\breakgen64.dll
0x00007ff94a460000 - 0x00007ff94a470000 	C:\Program Files\Java\jdk-17.0.1\bin\verify.dll
0x00007ff94a3e0000 - 0x00007ff94a3e9000 	C:\Program Files\Java\jdk-17.0.1\bin\management.dll
0x00007ff94a3d0000 - 0x00007ff94a3db000 	C:\Program Files\Java\jdk-17.0.1\bin\management_ext.dll
0x00007ff930c70000 - 0x00007ff930c87000 	C:\windows\system32\napinsp.dll
0x00007ff930c50000 - 0x00007ff930c6b000 	C:\windows\system32\pnrpnsp.dll
0x00007ff94b350000 - 0x00007ff94b365000 	C:\windows\system32\wshbth.dll
0x00007ff94b960000 - 0x00007ff94b97d000 	C:\windows\system32\NLAapi.dll
0x00007ff950490000 - 0x00007ff9504cb000 	C:\windows\SYSTEM32\IPHLPAPI.DLL
0x00007ff9504d0000 - 0x00007ff95059b000 	C:\windows\SYSTEM32\DNSAPI.dll
0x00007ff952280000 - 0x00007ff952288000 	C:\windows\System32\NSI.dll
0x00007ff92e9c0000 - 0x00007ff92e9d2000 	C:\windows\System32\winrnr.dll
0x00007ff9360f0000 - 0x00007ff9360fa000 	C:\Windows\System32\rasadhlp.dll
0x00007ff936940000 - 0x00007ff9369bf000 	C:\windows\System32\fwpuclnt.dll
0x00007ff9516a0000 - 0x00007ff9516c7000 	C:\windows\System32\bcrypt.dll
0x00007ff9509a0000 - 0x00007ff9509b8000 	C:\windows\SYSTEM32\CRYPTSP.dll
0x00007ff950120000 - 0x00007ff950154000 	C:\windows\system32\rsaenh.dll
0x00007ff950fc0000 - 0x00007ff950fee000 	C:\windows\SYSTEM32\USERENV.dll
0x00007ff950990000 - 0x00007ff95099c000 	C:\windows\SYSTEM32\CRYPTBASE.dll
0x00007ff93f580000 - 0x00007ff93f597000 	C:\windows\SYSTEM32\dhcpcsvc6.DLL
0x00007ff9407c0000 - 0x00007ff9407dd000 	C:\windows\SYSTEM32\dhcpcsvc.DLL
0x00007ff94a380000 - 0x00007ff94a38e000 	C:\Program Files\Java\jdk-17.0.1\bin\sunmscapi.dll
0x00007ff9517e0000 - 0x00007ff951936000 	C:\windows\System32\CRYPT32.dll
0x00007ff950ab0000 - 0x00007ff950ad7000 	C:\windows\SYSTEM32\ncrypt.dll
0x00007ff950a70000 - 0x00007ff950aab000 	C:\windows\SYSTEM32\NTASN1.dll

dbghelp: loaded successfully - version: 4.0.5 - missing functions: none
symbol engine: initialized successfully - sym options: 0x614 - pdb path: .;C:\Program Files\Java\jdk-17.0.1\bin;C:\windows\SYSTEM32;C:\windows\WinSxS\amd64_microsoft.windows.common-controls_6595b64144ccf1df_6.0.19041.1110_none_60b5254171f9507e;C:\Program Files\Java\jdk-17.0.1\bin\server;C:\Program Files\JetBrains\IntelliJ IDEA Community Edition 2021.3\bin

VM Arguments:
jvm_args: -javaagent:C:\Program Files\JetBrains\IntelliJ IDEA Community Edition 2021.3\lib\idea_rt.jar=58350:C:\Program Files\JetBrains\IntelliJ IDEA Community Edition 2021.3\bin -Dfile.encoding=UTF-8 
java_command: com.careerdevs.gorestfinal.GorestfinalApplication
java_class_path (initial): C:\Users\sophi\IdeaProjects\gorestfinal\target\classes;C:\Users\sophi\.m2\repository\org\springframework\boot\spring-boot-starter-data-jpa\2.6.6\spring-boot-starter-data-jpa-2.6.6.jar;C:\Users\sophi\.m2\repository\org\springframework\boot\spring-boot-starter-aop\2.6.6\spring-boot-starter-aop-2.6.6.jar;C:\Users\sophi\.m2\repository\org\springframework\spring-aop\5.3.18\spring-aop-5.3.18.jar;C:\Users\sophi\.m2\repository\org\aspectj\aspectjweaver\1.9.7\aspectjweaver-1.9.7.jar;C:\Users\sophi\.m2\repository\org\springframework\boot\spring-boot-starter-jdbc\2.6.6\spring-boot-starter-jdbc-2.6.6.jar;C:\Users\sophi\.m2\repository\com\zaxxer\HikariCP\4.0.3\HikariCP-4.0.3.jar;C:\Users\sophi\.m2\repository\org\springframework\spring-jdbc\5.3.18\spring-jdbc-5.3.18.jar;C:\Users\sophi\.m2\repository\jakarta\transaction\jakarta.transaction-api\1.3.3\jakarta.transaction-api-1.3.3.jar;C:\Users\sophi\.m2\repository\jakarta\persistence\jakarta.persistence-api\2.2.3\jakarta.persistence-api-2.2.3.jar;C:\Users\sophi\.m2\repository\org\hibernate\hibernate-core\5.6.7.Final\hibernate-core-5.6.7.Final.jar;C:\Users\sophi\.m2\repository\org\jboss\logging\jboss-logging\3.4.3.Final\jboss-logging-3.4.3.Final.jar;C:\Users\sophi\.m2\repository\net\bytebuddy\byte-buddy\1.11.22\byte-buddy-1.11.22.jar;C:\Users\sophi\.m2\repository\antlr\antlr\2.7.7\antlr-2.7.7.jar;C:\Users\sophi\.m2\repository\org\jboss\jandex\2.4.2.Final\jandex-2.4.2.Final.jar;C:\Users\sophi\.m2\repository\com\fasterxml\classmate\1.5.1\classmate-1.5.1.jar;C:\Users\sophi\.m2\repository\org\hibernate\common\hibernate-commons-annotations\5.1.2.Final\hibernate-commons-annotations-5.1.2.Final.jar;C:\Users\sophi\.m2\repository\org\glassfish\jaxb\jaxb-runtime\2.3.6\jaxb-runtime-2.3.6.jar;C:\Users\sophi\.m2\repository\org\glassfish\jaxb\txw2\2.3.6\txw2-2.3.6.jar;C:\Users\sophi\.m2\repository\com\sun\istack\istack-commons-runtime\3.0.12\istack-commons-runtime-3.0.12.jar;C:\Users\sophi\.m2\repository\com\sun\activa
Launcher Type: SUN_STANDARD

[Global flags]
     intx CICompilerCount                          = 2                                         {product} {ergonomic}
     uint ConcGCThreads                            = 1                                         {product} {ergonomic}
     uint G1ConcRefinementThreads                  = 2                                         {product} {ergonomic}
   size_t G1HeapRegionSize                         = 1048576                                   {product} {ergonomic}
    uintx GCDrainStackTargetSize                   = 64                                        {product} {ergonomic}
   size_t InitialHeapSize                          = 65011712                                  {product} {ergonomic}
   size_t MarkStackSize                            = 4194304                                   {product} {ergonomic}
   size_t MaxHeapSize                              = 1027604480                                {product} {ergonomic}
   size_t MaxNewSize                               = 616562688                                 {product} {ergonomic}
   size_t MinHeapDeltaBytes                        = 1048576                                   {product} {ergonomic}
   size_t MinHeapSize                              = 8388608                                   {product} {ergonomic}
    uintx NonNMethodCodeHeapSize                   = 5826188                                {pd product} {ergonomic}
    uintx NonProfiledCodeHeapSize                  = 122916026                              {pd product} {ergonomic}
    uintx ProfiledCodeHeapSize                     = 122916026                              {pd product} {ergonomic}
    uintx ReservedCodeCacheSize                    = 251658240                              {pd product} {ergonomic}
     bool SegmentedCodeCache                       = true                                      {product} {ergonomic}
   size_t SoftMaxHeapSize                          = 1027604480                             {manageable} {ergonomic}
     bool UseCompressedClassPointers               = true                           {product lp64_product} {ergonomic}
     bool UseCompressedOops                        = true                           {product lp64_product} {ergonomic}
     bool UseG1GC                                  = true                                      {product} {ergonomic}
     bool UseLargePagesIndividualAllocation        = false                                  {pd product} {ergonomic}

Logging:
Log output configuration:
 #0: stdout all=warning uptime,level,tags
 #1: stderr all=off uptime,level,tags

Environment Variables:
PATH=C:\Program Files\Common Files\Oracle\Java\javapath;C:\windows\system32;C:\windows;C:\windows\System32\Wbem;C:\windows\System32\WindowsPowerShell\v1.0\;C:\windows\System32\OpenSSH\;C:\Program Files\nodejs\;C:\Program Files\Git\cmd;C:\Users\sophi\AppData\Local\Programs\Python\Python310\Scripts\;C:\Users\sophi\AppData\Local\Programs\Python\Python310\;C:\Program Files\MySQL\MySQL Shell 8.0\bin\;C:\Users\sophi\AppData\Local\Microsoft\WindowsApps;C:\Users\sophi\AppData\Local\Programs\Microsoft VS Code\bin;C:\Users\sophi\AppData\Roaming\npm;C:\Program Files\JetBrains\IntelliJ IDEA Community Edition 2021.3\bin;;C:\Program Files\MySQL\MySQL Server 8.0\bin;
USERNAME=sophi
OS=Windows_NT
PROCESSOR_IDENTIFIER=Intel64 Family 6 Model 122 Stepping 8, GenuineIntel



---------------  S Y S T E M  ---------------

OS:
 Windows 10 , 64 bit Build 19041 (10.0.19041.1503)
OS uptime: 14 days 3:37 hours

CPU: total 2 (initial active 2) (2 cores per cpu, 1 threads per core) family 6 model 122 stepping 8 microcode 0x1a, cx8, cmov, fxsr, mmx, 3dnowpref, sse, sse2, sse3, ssse3, sse4.1, sse4.2, popcnt, tsc, tscinvbit, aes, erms, clmul, sha, clflush, clflushopt

Memory: 4k page, system-wide physical 3912M (269M free)
TotalPageFile size 11266M (AvailPageFile size 49M)
current process WorkingSet (physical memory assigned to process): 155M, peak: 155M
current process commit charge ("private bytes"): 201M, peak: 251M

vm_info: Java HotSpot(TM) 64-Bit Server VM (17.0.1+12-LTS-39) for windows-amd64 JRE (17.0.1+12-LTS-39), built on Sep 27 2021 18:41:35 by "mach5one" with MS VC++ 16.8 (VS2019)

END.
